C:\Program Files (x86)\Microsoft Visual Studio\2019\Community\MSBuild\Microsoft\VC\v160\Microsoft.CppBuild.targets(397,5): warning MSB8004: Output 디렉터리가 슬래시로 끝나지 않습니다. Output 디렉터리의 적절한 평가를 허용하는 데 필요하므로 이 빌드 인스턴스에서 슬래시를 추가합니다.
  detect_markers.cpp
C:\Users\rlckd\Desktop\kc\study\Computer_Science\project\AR_markerdetect\MarkerDetection\MarkerDetection\detect_markers.cpp(321): warning C4244: '=': '_Tp'에서 'float'(으)로 변환하면서 데이터가 손실될 수 있습니다.
          with
          [
              _Tp=double
          ]
C:\Users\rlckd\Desktop\kc\study\Computer_Science\project\AR_markerdetect\MarkerDetection\MarkerDetection\detect_markers.cpp(322): warning C4244: '=': '_Tp'에서 'float'(으)로 변환하면서 데이터가 손실될 수 있습니다.
          with
          [
              _Tp=double
          ]
C:\Users\rlckd\Desktop\kc\study\Computer_Science\project\AR_markerdetect\MarkerDetection\MarkerDetection\detect_markers.cpp(323): warning C4244: '=': '_Tp'에서 'float'(으)로 변환하면서 데이터가 손실될 수 있습니다.
          with
          [
              _Tp=double
          ]
C:\Users\rlckd\Desktop\kc\study\Computer_Science\project\AR_markerdetect\MarkerDetection\MarkerDetection\detect_markers.cpp(324): warning C4244: '=': '_Tp'에서 'float'(으)로 변환하면서 데이터가 손실될 수 있습니다.
          with
          [
              _Tp=double
          ]
C:\Users\rlckd\Desktop\kc\study\Computer_Science\project\AR_markerdetect\MarkerDetection\MarkerDetection\detect_markers.cpp(521): warning C4305: '인수': 'double'에서 'GLfloat'(으)로 잘립니다.
C:\Users\rlckd\Desktop\kc\study\Computer_Science\project\AR_markerdetect\MarkerDetection\MarkerDetection\detect_markers.cpp(522): warning C4305: '인수': 'double'에서 'GLfloat'(으)로 잘립니다.
C:\Users\rlckd\Desktop\kc\study\Computer_Science\project\AR_markerdetect\MarkerDetection\MarkerDetection\detect_markers.cpp(569): warning C4267: '인수': 'size_t'에서 'GLsizei'(으)로 변환하면서 데이터가 손실될 수 있습니다.
C:\Users\rlckd\Desktop\kc\study\Computer_Science\project\AR_markerdetect\MarkerDetection\MarkerDetection\detect_markers.cpp(599): warning C4267: '인수': 'size_t'에서 'GLsizei'(으)로 변환하면서 데이터가 손실될 수 있습니다.
C:\Users\rlckd\Desktop\kc\study\Computer_Science\project\AR_markerdetect\MarkerDetection\MarkerDetection\detect_markers.cpp(266): warning C4715: 'init_cam': 모든 제어 경로에서 값을 반환하지는 않습니다.
  MarkerDetection.vcxproj -> C:\Users\rlckd\Desktop\kc\study\Computer_Science\project\AR_markerdetect\MarkerDetection\MarkerDetection\bin\x64\MarkerDetection.exe
